<?xml version="1.0" encoding="UTF-8"?>
<testsuite xmlns:xsi="http://www.w3.org/2001/XMLSchema-instance" xsi:noNamespaceSchemaLocation="https://maven.apache.org/surefire/maven-surefire-plugin/xsd/surefire-test-report-3.0.xsd" version="3.0" name="eql.projet2_API.RepertoiresTest" time="0" tests="1" errors="1" skipped="0" failures="0">
  <properties>
[...]
</properties>
  <testcase name="initializationError" classname="eql.projet2_API.RepertoiresTest" time="0">
    <error message="No runnable methods" type="java.lang.Exception"><![CDATA[java.lang.Exception: No runnable methods
]]></error>
  </testcase>
</testsuite>